====== WebDriver manager ======
Get LATEST chromedriver version for google-chrome
Get LATEST chromedriver version for google-chrome
Driver [/Users/sariksadman/.wdm/drivers/chromedriver/mac64/125.0.6422.141/chromedriver-mac-arm64/chromedriver] found in cache
====== WebDriver manager ======
Get LATEST chromedriver version for google-chrome
Get LATEST chromedriver version for google-chrome
Get LATEST chromedriver version for google-chrome
WebDriver version 125.0.6422.141 selected
Modern chrome version https://storage.googleapis.com/chrome-for-testing-public/125.0.6422.141/linux64/chromedriver-linux64.zip
About to download new driver from https://storage.googleapis.com/chrome-for-testing-public/125.0.6422.141/linux64/chromedriver-linux64.zip
Driver downloading response is 200
Get LATEST chromedriver version for google-chrome
Driver has been saved in cache [/home/ubuntu/.wdm/drivers/chromedriver/linux64/125.0.6422.141]
An error occurred while processing https://www.youtube.com/@ArtisanAdolfRenovation: argument of type 'NoneType' is not iterable
An error occurred while processing https://www.pinterest.fr/artisanadolf/: Message: stale element reference: stale element not found in the current frame
  (Session info: chrome-headless-shell=125.0.6422.141); For documentation on this error, please visit: https://www.selenium.dev/documentation/webdriver/troubleshooting/errors#stale-element-reference-exception
Stacktrace:
#0 0x563329e02e3a <unknown>
#1 0x563329aec45c <unknown>
#2 0x563329af1b69 <unknown>
#3 0x563329af3bdc <unknown>
#4 0x563329b7b289 <unknown>
#5 0x563329b5b4b2 <unknown>
#6 0x563329b7a2cc <unknown>
#7 0x563329b5b253 <unknown>
#8 0x563329b2b1c7 <unknown>
#9 0x563329b2bb3e <unknown>
#10 0x563329dc927b <unknown>
#11 0x563329dcd327 <unknown>
#12 0x563329db5dae <unknown>
#13 0x563329dcddf2 <unknown>
#14 0x563329d9a74f <unknown>
#15 0x563329df2128 <unknown>
#16 0x563329df22fb <unknown>
#17 0x563329e01f6c <unknown>
#18 0x7f8db0694ac3 <unknown>

An error occurred while processing https://web.archive.org/web/20230926071358/https://artisan-adolf-renovation.fr/: Message: 

An error occurred while processing https://www.pagesjaunes.fr/annuaire/chercherlespros?quoiqui=ArtIsan+Adolf+&ou=La+Seyne+sur+Mer+%2883500%29&univers=pagesjaunes&idOu=L08312600: Message: 

An error occurred while processing https://artisanadolf.fandom.com/fr/wiki/Wiki_artisanadolf: argument of type 'NoneType' is not iterable
====== WebDriver manager ======
Get LATEST chromedriver version for google-chrome
Get LATEST chromedriver version for google-chrome
Driver [/home/ubuntu/.wdm/drivers/chromedriver/linux64/125.0.6422.141/chromedriver-linux64/chromedriver] found in cache
An error occurred while processing https://www.youtube.com/@ArtisanAdolfRenovation: argument of type 'NoneType' is not iterable
An error occurred while processing https://www.pinterest.fr/artisanadolf/: Message: stale element reference: stale element not found in the current frame
  (Session info: chrome-headless-shell=125.0.6422.141); For documentation on this error, please visit: https://www.selenium.dev/documentation/webdriver/troubleshooting/errors#stale-element-reference-exception
Stacktrace:
#0 0x55731c1cfe3a <unknown>
#1 0x55731beb945c <unknown>
#2 0x55731bebeb69 <unknown>
#3 0x55731bec0bdc <unknown>
#4 0x55731bf48289 <unknown>
#5 0x55731bf284b2 <unknown>
#6 0x55731bf472cc <unknown>
#7 0x55731bf28253 <unknown>
#8 0x55731bef81c7 <unknown>
#9 0x55731bef8b3e <unknown>
#10 0x55731c19627b <unknown>
#11 0x55731c19a327 <unknown>
#12 0x55731c182dae <unknown>
#13 0x55731c19adf2 <unknown>
#14 0x55731c16774f <unknown>
#15 0x55731c1bf128 <unknown>
#16 0x55731c1bf2fb <unknown>
#17 0x55731c1cef6c <unknown>
#18 0x7f8009e94ac3 <unknown>

An error occurred while processing https://web.archive.org/web/20230926071358/https://artisan-adolf-renovation.fr/: Message: 

An error occurred while processing https://issuu.com/artisanadolf/docs/design_sans_titre: Message: timeout: Timed out receiving message from renderer: 14.906
  (Session info: chrome-headless-shell=125.0.6422.141)
Stacktrace:
#0 0x55731c1cfe3a <unknown>
#1 0x55731beb945c <unknown>
#2 0x55731bea0816 <unknown>
#3 0x55731bea03f5 <unknown>
#4 0x55731be9e336 <unknown>
#5 0x55731be9e9af <unknown>
#6 0x55731beaf287 <unknown>
#7 0x55731bec555e <unknown>
#8 0x55731becac5b <unknown>
#9 0x55731be9f0fa <unknown>
#10 0x55731bec52cf <unknown>
#11 0x55731bf475ff <unknown>
#12 0x55731bf28253 <unknown>
#13 0x55731bef81c7 <unknown>
#14 0x55731bef8b3e <unknown>
#15 0x55731c19627b <unknown>
#16 0x55731c19a327 <unknown>
#17 0x55731c182dae <unknown>
#18 0x55731c19adf2 <unknown>
#19 0x55731c16774f <unknown>
#20 0x55731c1bf128 <unknown>
#21 0x55731c1bf2fb <unknown>
#22 0x55731c1cef6c <unknown>
#23 0x7f8009e94ac3 <unknown>

An error occurred while processing https://www.pagesjaunes.fr/annuaire/chercherlespros?quoiqui=ArtIsan+Adolf+&ou=La+Seyne+sur+Mer+%2883500%29&univers=pagesjaunes&idOu=L08312600: Message: 

An error occurred while processing https://artisanadolf.fandom.com/fr/wiki/Wiki_artisanadolf: argument of type 'NoneType' is not iterable
====== WebDriver manager ======
Get LATEST chromedriver version for google-chrome
Get LATEST chromedriver version for google-chrome
Driver [/home/ubuntu/.wdm/drivers/chromedriver/linux64/125.0.6422.141/chromedriver-linux64/chromedriver] found in cache
An error occurred while processing https://www.youtube.com/@ArtisanAdolfRenovation: argument of type 'NoneType' is not iterable
An error occurred while processing https://issuu.com/artisanadolf/docs/design_sans_titre: Message: timeout: Timed out receiving message from renderer: 14.885
  (Session info: chrome-headless-shell=125.0.6422.141)
Stacktrace:
#0 0x55fa8917ce3a <unknown>
#1 0x55fa88e6645c <unknown>
#2 0x55fa88e4d816 <unknown>
#3 0x55fa88e4d3f5 <unknown>
#4 0x55fa88e4b336 <unknown>
#5 0x55fa88e4b9af <unknown>
#6 0x55fa88e5c287 <unknown>
#7 0x55fa88e7255e <unknown>
#8 0x55fa88e77c5b <unknown>
#9 0x55fa88e4c0fa <unknown>
#10 0x55fa88e722cf <unknown>
#11 0x55fa88ef45ff <unknown>
#12 0x55fa88ed5253 <unknown>
#13 0x55fa88ea51c7 <unknown>
#14 0x55fa88ea5b3e <unknown>
#15 0x55fa8914327b <unknown>
#16 0x55fa89147327 <unknown>
#17 0x55fa8912fdae <unknown>
#18 0x55fa89147df2 <unknown>
#19 0x55fa8911474f <unknown>
#20 0x55fa8916c128 <unknown>
#21 0x55fa8916c2fb <unknown>
#22 0x55fa8917bf6c <unknown>
#23 0x7f6354a94ac3 <unknown>

An error occurred while processing https://www.pagesjaunes.fr/annuaire/chercherlespros?quoiqui=ArtIsan+Adolf+&ou=La+Seyne+sur+Mer+%2883500%29&univers=pagesjaunes&idOu=L08312600: Message: 

An error occurred while processing https://artisanadolf.fandom.com/fr/wiki/Wiki_artisanadolf: argument of type 'NoneType' is not iterable
====== WebDriver manager ======
Get LATEST chromedriver version for google-chrome
Get LATEST chromedriver version for google-chrome
Driver [/home/ubuntu/.wdm/drivers/chromedriver/linux64/125.0.6422.141/chromedriver-linux64/chromedriver] found in cache
An error occurred while processing https://www.youtube.com/@ArtisanAdolfRenovation: argument of type 'NoneType' is not iterable
An error occurred while processing https://www.pinterest.fr/artisanadolf/: Message: stale element reference: stale element not found in the current frame
  (Session info: chrome-headless-shell=125.0.6422.141); For documentation on this error, please visit: https://www.selenium.dev/documentation/webdriver/troubleshooting/errors#stale-element-reference-exception
Stacktrace:
#0 0x555711d4fe3a <unknown>
#1 0x555711a3945c <unknown>
#2 0x555711a3eb69 <unknown>
#3 0x555711a40bdc <unknown>
#4 0x555711ac8289 <unknown>
#5 0x555711aa84b2 <unknown>
#6 0x555711ac72cc <unknown>
#7 0x555711aa8253 <unknown>
#8 0x555711a781c7 <unknown>
#9 0x555711a78b3e <unknown>
#10 0x555711d1627b <unknown>
#11 0x555711d1a327 <unknown>
#12 0x555711d02dae <unknown>
#13 0x555711d1adf2 <unknown>
#14 0x555711ce774f <unknown>
#15 0x555711d3f128 <unknown>
#16 0x555711d3f2fb <unknown>
#17 0x555711d4ef6c <unknown>
#18 0x7f1ec3c94ac3 <unknown>

An error occurred while processing https://www.pagesjaunes.fr/annuaire/chercherlespros?quoiqui=ArtIsan+Adolf+&ou=La+Seyne+sur+Mer+%2883500%29&univers=pagesjaunes&idOu=L08312600: Message: 

An error occurred while processing https://artisanadolf.fandom.com/fr/wiki/Wiki_artisanadolf: argument of type 'NoneType' is not iterable
====== WebDriver manager ======
Get LATEST chromedriver version for google-chrome
Get LATEST chromedriver version for google-chrome
Driver [/home/ubuntu/.wdm/drivers/chromedriver/linux64/125.0.6422.141/chromedriver-linux64/chromedriver] found in cache
An error occurred while processing https://www.youtube.com/@ArtisanAdolfRenovation: argument of type 'NoneType' is not iterable
An error occurred while processing https://www.pinterest.fr/artisanadolf/: Message: stale element reference: stale element not found in the current frame
  (Session info: chrome-headless-shell=125.0.6422.141); For documentation on this error, please visit: https://www.selenium.dev/documentation/webdriver/troubleshooting/errors#stale-element-reference-exception
Stacktrace:
#0 0x55c5dd10ae3a <unknown>
#1 0x55c5dcdf445c <unknown>
#2 0x55c5dcdf9b69 <unknown>
#3 0x55c5dcdfbbdc <unknown>
#4 0x55c5dce83289 <unknown>
#5 0x55c5dce634b2 <unknown>
#6 0x55c5dce822cc <unknown>
#7 0x55c5dce63253 <unknown>
#8 0x55c5dce331c7 <unknown>
#9 0x55c5dce33b3e <unknown>
#10 0x55c5dd0d127b <unknown>
#11 0x55c5dd0d5327 <unknown>
#12 0x55c5dd0bddae <unknown>
#13 0x55c5dd0d5df2 <unknown>
#14 0x55c5dd0a274f <unknown>
#15 0x55c5dd0fa128 <unknown>
#16 0x55c5dd0fa2fb <unknown>
#17 0x55c5dd109f6c <unknown>
#18 0x7ffbd9894ac3 <unknown>

An error occurred while processing https://web.archive.org/web/20230926071358/https://artisan-adolf-renovation.fr/: Message: 

An error occurred while processing https://issuu.com/artisanadolf/docs/design_sans_titre: Message: timeout: Timed out receiving message from renderer: 14.875
  (Session info: chrome-headless-shell=125.0.6422.141)
Stacktrace:
#0 0x55c5dd10ae3a <unknown>
#1 0x55c5dcdf445c <unknown>
#2 0x55c5dcddb816 <unknown>
#3 0x55c5dcddb3f5 <unknown>
#4 0x55c5dcdd9336 <unknown>
#5 0x55c5dcdd99af <unknown>
#6 0x55c5dcdea287 <unknown>
#7 0x55c5dce0055e <unknown>
#8 0x55c5dce05c5b <unknown>
#9 0x55c5dcdda0fa <unknown>
#10 0x55c5dce002cf <unknown>
#11 0x55c5dce825ff <unknown>
#12 0x55c5dce63253 <unknown>
#13 0x55c5dce331c7 <unknown>
#14 0x55c5dce33b3e <unknown>
#15 0x55c5dd0d127b <unknown>
#16 0x55c5dd0d5327 <unknown>
#17 0x55c5dd0bddae <unknown>
#18 0x55c5dd0d5df2 <unknown>
#19 0x55c5dd0a274f <unknown>
#20 0x55c5dd0fa128 <unknown>
#21 0x55c5dd0fa2fb <unknown>
#22 0x55c5dd109f6c <unknown>
#23 0x7ffbd9894ac3 <unknown>

An error occurred while processing https://artisanadolf.fandom.com/fr/wiki/Wiki_artisanadolf: argument of type 'NoneType' is not iterable
An error occurred while processing https://www.scoop.it/topic/artisanadolf: argument of type 'NoneType' is not iterable
An error occurred while processing https://www.netweters.be/t5/WiFi/Le-service-client-ne-veut-pas-m-aider/m-p/173651/highlight/false#M210: argument of type 'NoneType' is not iterable
An error occurred while processing https://list.ly/search?q=Artisan+Adolf: argument of type 'NoneType' is not iterable
An error occurred while processing https://www.spoke.com/companies/artisanadolf-6494545dfc32d3db280b95d5: Message: timeout: Timed out receiving message from renderer: -0.014
  (Session info: chrome-headless-shell=125.0.6422.141)
Stacktrace:
#0 0x55c5dd10ae3a <unknown>
#1 0x55c5dcdf445c <unknown>
#2 0x55c5dcddb816 <unknown>
#3 0x55c5dcddb3f5 <unknown>
#4 0x55c5dcdd9336 <unknown>
#5 0x55c5dcdd99af <unknown>
#6 0x55c5dcdea287 <unknown>
#7 0x55c5dce0055e <unknown>
#8 0x55c5dce05c5b <unknown>
#9 0x55c5dcdda0fa <unknown>
#10 0x55c5dce0014f <unknown>
#11 0x55c5dce82195 <unknown>
#12 0x55c5dce63253 <unknown>
#13 0x55c5dce331c7 <unknown>
#14 0x55c5dce33b3e <unknown>
#15 0x55c5dd0d127b <unknown>
#16 0x55c5dd0d5327 <unknown>
#17 0x55c5dd0bddae <unknown>
#18 0x55c5dd0d5df2 <unknown>
#19 0x55c5dd0a274f <unknown>
#20 0x55c5dd0fa128 <unknown>
#21 0x55c5dd0fa2fb <unknown>
#22 0x55c5dd109f6c <unknown>
#23 0x7ffbd9894ac3 <unknown>

An error occurred while processing https://www.118712.fr/fiches/WUJYWlZWGwk: argument of type 'NoneType' is not iterable
An error occurred while processing https://www.webwiki.fr/artisan-adolf-renovation.fr: argument of type 'NoneType' is not iterable
An error occurred while processing https://www.koifaire.com/paca/artisan,adolf-100436.html: argument of type 'NoneType' is not iterable
An error occurred while processing https://questions.pratique.fr/question-travaux-renovation-maison-57129.html: argument of type 'NoneType' is not iterable
An error occurred while processing https://plus.wikimonde.com/wiki/Utilisateur:ArtisanAdolf: argument of type 'NoneType' is not iterable
An error occurred while processing https://www.refrapide.com/merci-1712233.html: Message: 

An error occurred while processing https://www.cylex-locale.fr/s?q=Artisan+adolf+&c=La+Seyne-sur-Mer&z=&p=1&dst=&sUrl=&cUrl=la-seyne-sur-mer: Message: 

An error occurred while processing http://var.proximeo.com/couverture/artisan-adolf-votre-couvreur-dans-le-var-61458: argument of type 'NoneType' is not iterable
An error occurred while processing https://top-seo.fr/: argument of type 'NoneType' is not iterable
An error occurred while processing https://www.e-pro.fr/espace-pro/: argument of type 'NoneType' is not iterable
An error occurred while processing https://annuaire.kdj-webdesign.com/single.php?id=artisan-adolf-votre-couvreur-dans-le-var-17261: argument of type 'NoneType' is not iterable
An error occurred while processing http://www.net-liens.com/Immobilier-Construction-100-1112-6.html: argument of type 'NoneType' is not iterable
An error occurred while processing http://artisanadolf.boostersite.com/: Message: 

An error occurred while processing http://artisan-adolf.over-blog.com/2023/10/artisan-adolf.html: argument of type 'NoneType' is not iterable
An error occurred while processing http://artisanadolf.canalblog.com/archives/2023/10/10/40069532.html: argument of type 'NoneType' is not iterable
An error occurred while processing http://web.archive.org/web/*/https://artisan-adolf-renovation.fr*: Message: 

An error occurred while processing https://artisan-adolf.jimdosite.com/: argument of type 'NoneType' is not iterable
An error occurred while processing https://folkd.com/link/Artisan-Adolf--Votre-Expert-en-Toiture-et-Fa--ade-dans-le-var: Message: timeout: Timed out receiving message from renderer: 13.856
  (Session info: chrome-headless-shell=125.0.6422.141)
Stacktrace:
#0 0x55c5dd10ae3a <unknown>
#1 0x55c5dcdf445c <unknown>
#2 0x55c5dcddb816 <unknown>
#3 0x55c5dcddb3f5 <unknown>
#4 0x55c5dcdd9336 <unknown>
#5 0x55c5dcdd99af <unknown>
#6 0x55c5dcdea287 <unknown>
#7 0x55c5dce0055e <unknown>
#8 0x55c5dce05c5b <unknown>
#9 0x55c5dcdda0fa <unknown>
#10 0x55c5dce002cf <unknown>
#11 0x55c5dce825ff <unknown>
#12 0x55c5dce63253 <unknown>
#13 0x55c5dce331c7 <unknown>
#14 0x55c5dce33b3e <unknown>
#15 0x55c5dd0d127b <unknown>
#16 0x55c5dd0d5327 <unknown>
#17 0x55c5dd0bddae <unknown>
#18 0x55c5dd0d5df2 <unknown>
#19 0x55c5dd0a274f <unknown>
#20 0x55c5dd0fa128 <unknown>
#21 0x55c5dd0fa2fb <unknown>
#22 0x55c5dd109f6c <unknown>
#23 0x7ffbd9894ac3 <unknown>

An error occurred while processing http://www.creasite-france.com/soumettre-un-site/: argument of type 'NoneType' is not iterable
An error occurred while processing http://www.referencement-sites-internet.com/webmaster-choose-method.html: Message: unknown error: net::ERR_NAME_NOT_RESOLVED
  (Session info: chrome-headless-shell=125.0.6422.141)
Stacktrace:
#0 0x55c5dd10ae3a <unknown>
#1 0x55c5dcdf445c <unknown>
#2 0x55c5dcdebfd0 <unknown>
#3 0x55c5dcddbb32 <unknown>
#4 0x55c5dcddd162 <unknown>
#5 0x55c5dcddbded <unknown>
#6 0x55c5dcddb503 <unknown>
#7 0x55c5dcddb3f5 <unknown>
#8 0x55c5dcdd9336 <unknown>
#9 0x55c5dcdd983a <unknown>
#10 0x55c5dcdf6ea7 <unknown>
#11 0x55c5dce82ed5 <unknown>
#12 0x55c5dce634b2 <unknown>
#13 0x55c5dce822cc <unknown>
#14 0x55c5dce63253 <unknown>
#15 0x55c5dce331c7 <unknown>
#16 0x55c5dce33b3e <unknown>
#17 0x55c5dd0d127b <unknown>
#18 0x55c5dd0d5327 <unknown>
#19 0x55c5dd0bddae <unknown>
#20 0x55c5dd0d5df2 <unknown>
#21 0x55c5dd0a274f <unknown>
#22 0x55c5dd0fa128 <unknown>
#23 0x55c5dd0fa2fb <unknown>
#24 0x55c5dd109f6c <unknown>
#25 0x7ffbd9894ac3 <unknown>

An error occurred while processing https://artisanadolf-01.forumgratuit.ro/f1-votre-1er-forum: argument of type 'NoneType' is not iterable
An error occurred while processing https://forum.ih8mud.com/register/complete: argument of type 'NoneType' is not iterable
An error occurred while processing https://app.mypresences.com/accountpresences/#: argument of type 'NoneType' is not iterable
An error occurred while processing https://www.provenexpert.com/artisan-adolf/: argument of type 'NoneType' is not iterable
An error occurred while processing https://www.cowcotland.com/compte/: argument of type 'NoneType' is not iterable
An error occurred while processing https://www.localstore.com.au/admin/add-listing/: argument of type 'NoneType' is not iterable
An error occurred while processing https://www.whitepages.com.au/: Message: 

An error occurred while processing https://www.addme.com/trial: argument of type 'NoneType' is not iterable
An error occurred while processing https://mumbrella.com.au/update-listing?signup=true&listing=805033&key=2b3e58a048796ddcc3582cc16018cabf: argument of type 'NoneType' is not iterable
An error occurred while processing https://callamover.com.au/: Message: timeout: Timed out receiving message from renderer: 13.802
  (Session info: chrome-headless-shell=125.0.6422.141)
Stacktrace:
#0 0x55c5dd10ae3a <unknown>
#1 0x55c5dcdf445c <unknown>
#2 0x55c5dcddb816 <unknown>
#3 0x55c5dcddb3f5 <unknown>
#4 0x55c5dcdd9336 <unknown>
#5 0x55c5dcdd99af <unknown>
#6 0x55c5dcdea287 <unknown>
#7 0x55c5dce0055e <unknown>
#8 0x55c5dce05c5b <unknown>
#9 0x55c5dcdda0fa <unknown>
#10 0x55c5dce002cf <unknown>
#11 0x55c5dce825ff <unknown>
#12 0x55c5dce63253 <unknown>
#13 0x55c5dce331c7 <unknown>
#14 0x55c5dce33b3e <unknown>
#15 0x55c5dd0d127b <unknown>
#16 0x55c5dd0d5327 <unknown>
#17 0x55c5dd0bddae <unknown>
#18 0x55c5dd0d5df2 <unknown>
#19 0x55c5dd0a274f <unknown>
#20 0x55c5dd0fa128 <unknown>
#21 0x55c5dd0fa2fb <unknown>
#22 0x55c5dd109f6c <unknown>
#23 0x7ffbd9894ac3 <unknown>

An error occurred while processing https://www.findermaster.com/: Message: timeout: Timed out receiving message from renderer: -0.017
  (Session info: chrome-headless-shell=125.0.6422.141)
Stacktrace:
#0 0x55c5dd10ae3a <unknown>
#1 0x55c5dcdf445c <unknown>
#2 0x55c5dcddb816 <unknown>
#3 0x55c5dcddb3f5 <unknown>
#4 0x55c5dcdd9336 <unknown>
#5 0x55c5dcdd99af <unknown>
#6 0x55c5dcdea287 <unknown>
#7 0x55c5dce0055e <unknown>
#8 0x55c5dce05c5b <unknown>
#9 0x55c5dcdda0fa <unknown>
#10 0x55c5dce002cf <unknown>
#11 0x55c5dce82195 <unknown>
#12 0x55c5dce63253 <unknown>
#13 0x55c5dce331c7 <unknown>
#14 0x55c5dce33b3e <unknown>
#15 0x55c5dd0d127b <unknown>
#16 0x55c5dd0d5327 <unknown>
#17 0x55c5dd0bddae <unknown>
#18 0x55c5dd0d5df2 <unknown>
#19 0x55c5dd0a274f <unknown>
#20 0x55c5dd0fa128 <unknown>
#21 0x55c5dd0fa2fb <unknown>
#22 0x55c5dd109f6c <unknown>
#23 0x7ffbd9894ac3 <unknown>

An error occurred while processing https://www.wallclassifieds.com/: Message: timeout: Timed out receiving message from renderer: -0.008
  (Session info: chrome-headless-shell=125.0.6422.141)
Stacktrace:
#0 0x55c5dd10ae3a <unknown>
#1 0x55c5dcdf445c <unknown>
#2 0x55c5dcddb816 <unknown>
#3 0x55c5dcddb3f5 <unknown>
#4 0x55c5dcdd9336 <unknown>
#5 0x55c5dcdd99af <unknown>
#6 0x55c5dcdea287 <unknown>
#7 0x55c5dce0055e <unknown>
#8 0x55c5dce05c5b <unknown>
#9 0x55c5dcdda0fa <unknown>
#10 0x55c5dce002cf <unknown>
#11 0x55c5dce82195 <unknown>
#12 0x55c5dce63253 <unknown>
#13 0x55c5dce331c7 <unknown>
#14 0x55c5dce33b3e <unknown>
#15 0x55c5dd0d127b <unknown>
#16 0x55c5dd0d5327 <unknown>
#17 0x55c5dd0bddae <unknown>
#18 0x55c5dd0d5df2 <unknown>
#19 0x55c5dd0a274f <unknown>
#20 0x55c5dd0fa128 <unknown>
#21 0x55c5dd0fa2fb <unknown>
#22 0x55c5dd109f6c <unknown>
#23 0x7ffbd9894ac3 <unknown>

An error occurred while processing https://www.h1ad.com/user/register: Message: timeout: Timed out receiving message from renderer: -0.015
  (Session info: chrome-headless-shell=125.0.6422.141)
Stacktrace:
#0 0x55c5dd10ae3a <unknown>
#1 0x55c5dcdf445c <unknown>
#2 0x55c5dcddb816 <unknown>
#3 0x55c5dcddb3f5 <unknown>
#4 0x55c5dcdd9336 <unknown>
#5 0x55c5dcdd99af <unknown>
#6 0x55c5dcdea287 <unknown>
#7 0x55c5dce0055e <unknown>
#8 0x55c5dce05c5b <unknown>
#9 0x55c5dcdda0fa <unknown>
#10 0x55c5dce002cf <unknown>
#11 0x55c5dce82195 <unknown>
#12 0x55c5dce63253 <unknown>
#13 0x55c5dce331c7 <unknown>
#14 0x55c5dce33b3e <unknown>
#15 0x55c5dd0d127b <unknown>
#16 0x55c5dd0d5327 <unknown>
#17 0x55c5dd0bddae <unknown>
#18 0x55c5dd0d5df2 <unknown>
#19 0x55c5dd0a274f <unknown>
#20 0x55c5dd0fa128 <unknown>
#21 0x55c5dd0fa2fb <unknown>
#22 0x55c5dd109f6c <unknown>
#23 0x7ffbd9894ac3 <unknown>

An error occurred while processing https://www.classifiedsfactor.com/: Message: timeout: Timed out receiving message from renderer: -0.009
  (Session info: chrome-headless-shell=125.0.6422.141)
Stacktrace:
#0 0x55c5dd10ae3a <unknown>
#1 0x55c5dcdf445c <unknown>
#2 0x55c5dcddb816 <unknown>
#3 0x55c5dcddb3f5 <unknown>
#4 0x55c5dcdd9336 <unknown>
#5 0x55c5dcdd99af <unknown>
#6 0x55c5dcdea287 <unknown>
#7 0x55c5dce0055e <unknown>
#8 0x55c5dce05c5b <unknown>
#9 0x55c5dcdda0fa <unknown>
#10 0x55c5dce0014f <unknown>
#11 0x55c5dce82195 <unknown>
#12 0x55c5dce63253 <unknown>
#13 0x55c5dce331c7 <unknown>
#14 0x55c5dce33b3e <unknown>
#15 0x55c5dd0d127b <unknown>
#16 0x55c5dd0d5327 <unknown>
#17 0x55c5dd0bddae <unknown>
#18 0x55c5dd0d5df2 <unknown>
#19 0x55c5dd0a274f <unknown>
#20 0x55c5dd0fa128 <unknown>
#21 0x55c5dd0fa2fb <unknown>
#22 0x55c5dd109f6c <unknown>
#23 0x7ffbd9894ac3 <unknown>

An error occurred while processing https://ads.shopolop.com/: Message: timeout: Timed out receiving message from renderer: -0.016
  (Session info: chrome-headless-shell=125.0.6422.141)
Stacktrace:
#0 0x55c5dd10ae3a <unknown>
#1 0x55c5dcdf445c <unknown>
#2 0x55c5dcddb816 <unknown>
#3 0x55c5dcddb3f5 <unknown>
#4 0x55c5dcdd9336 <unknown>
#5 0x55c5dcdd99af <unknown>
#6 0x55c5dcdea287 <unknown>
#7 0x55c5dce0055e <unknown>
#8 0x55c5dce05c5b <unknown>
#9 0x55c5dcdda0fa <unknown>
#10 0x55c5dce002cf <unknown>
#11 0x55c5dce82195 <unknown>
#12 0x55c5dce63253 <unknown>
#13 0x55c5dce331c7 <unknown>
#14 0x55c5dce33b3e <unknown>
#15 0x55c5dd0d127b <unknown>
#16 0x55c5dd0d5327 <unknown>
#17 0x55c5dd0bddae <unknown>
#18 0x55c5dd0d5df2 <unknown>
#19 0x55c5dd0a274f <unknown>
#20 0x55c5dd0fa128 <unknown>
#21 0x55c5dd0fa2fb <unknown>
#22 0x55c5dd109f6c <unknown>
#23 0x7ffbd9894ac3 <unknown>

An error occurred while processing https://ad.ologames.com/: Message: timeout: Timed out receiving message from renderer: -0.010
  (Session info: chrome-headless-shell=125.0.6422.141)
Stacktrace:
#0 0x55c5dd10ae3a <unknown>
#1 0x55c5dcdf445c <unknown>
#2 0x55c5dcddb816 <unknown>
#3 0x55c5dcddb3f5 <unknown>
#4 0x55c5dcdd9336 <unknown>
#5 0x55c5dcdd99af <unknown>
#6 0x55c5dcdea287 <unknown>
#7 0x55c5dce0055e <unknown>
#8 0x55c5dce05c5b <unknown>
#9 0x55c5dcdda0fa <unknown>
#10 0x55c5dce0014f <unknown>
#11 0x55c5dce82195 <unknown>
#12 0x55c5dce63253 <unknown>
#13 0x55c5dce331c7 <unknown>
#14 0x55c5dce33b3e <unknown>
#15 0x55c5dd0d127b <unknown>
#16 0x55c5dd0d5327 <unknown>
#17 0x55c5dd0bddae <unknown>
#18 0x55c5dd0d5df2 <unknown>
#19 0x55c5dd0a274f <unknown>
#20 0x55c5dd0fa128 <unknown>
#21 0x55c5dd0fa2fb <unknown>
#22 0x55c5dd109f6c <unknown>
#23 0x7ffbd9894ac3 <unknown>

An error occurred while processing https://infopreneur.blog/annuaires-seo/: argument of type 'NoneType' is not iterable
An error occurred while processing https://65363b3a40a7a.site123.me/blog/trouver-un-artisan-couvreur-%C3%A0-toulon: argument of type 'NoneType' is not iterable
An error occurred while processing https://www.web.com/websites/build-a-website#packages: argument of type 'NoneType' is not iterable
An error occurred while processing https://www.networksolutions.com/website/website-offer-dom-select.jsp?shouldShowGbb=true&searched_domain=artisanadolf.com&existing_domain=false&domain_avail=true: Message: timeout: Timed out receiving message from renderer: 14.540
  (Session info: chrome-headless-shell=125.0.6422.141)
Stacktrace:
#0 0x55c5dd10ae3a <unknown>
#1 0x55c5dcdf445c <unknown>
#2 0x55c5dcddb816 <unknown>
#3 0x55c5dcddb3f5 <unknown>
#4 0x55c5dcdd9336 <unknown>
#5 0x55c5dcdd99af <unknown>
#6 0x55c5dcdea287 <unknown>
#7 0x55c5dce0055e <unknown>
#8 0x55c5dce05c5b <unknown>
#9 0x55c5dcdda0fa <unknown>
#10 0x55c5dce002cf <unknown>
#11 0x55c5dce825ff <unknown>
#12 0x55c5dce63253 <unknown>
#13 0x55c5dce331c7 <unknown>
#14 0x55c5dce33b3e <unknown>
#15 0x55c5dd0d127b <unknown>
#16 0x55c5dd0d5327 <unknown>
#17 0x55c5dd0bddae <unknown>
#18 0x55c5dd0d5df2 <unknown>
#19 0x55c5dd0a274f <unknown>
#20 0x55c5dd0fa128 <unknown>
#21 0x55c5dd0fa2fb <unknown>
#22 0x55c5dd109f6c <unknown>
#23 0x7ffbd9894ac3 <unknown>

An error occurred while processing https://www.midir.eu/my-account/: argument of type 'NoneType' is not iterable
An error occurred while processing https://www.br1o.fr/inscription/: argument of type 'NoneType' is not iterable
An error occurred while processing https://www.trouvetoo.net/: argument of type 'NoneType' is not iterable
An error occurred while processing https://www.classement.pro/rank/out/top/maison/: argument of type 'NoneType' is not iterable
An error occurred while processing https://www.jemepropose.com/annonces/couvreur/artisan-adolf+9666054/: argument of type 'NoneType' is not iterable
An error occurred while processing https://www.lagitane.com/?post_type=listing_type&p=12306: argument of type 'NoneType' is not iterable
An error occurred while processing https://secure.192.com/products?forgottenPasswordUrl=registration%2Fforgotten-password&customerId=BE198F82-F2CC-48A9-9809-FFAE529EA7A3: argument of type 'NoneType' is not iterable
An error occurred while processing https://www.formationmax.com/mon-site-web: argument of type 'NoneType' is not iterable
An error occurred while processing http://www.bonjournet.net/Annonce/add.cgi: Message: 

