====== WebDriver manager ======
Get LATEST chromedriver version for google-chrome
Get LATEST chromedriver version for google-chrome
Driver [/Users/sariksadman/.wdm/drivers/chromedriver/mac64/125.0.6422.141/chromedriver-mac-arm64/chromedriver] found in cache
An error occurred while processing https://www.youtube.com/@ArtisanAdolfRenovation
URL not found on https://www.pinterest.fr/artisanadolf/
URL not found on https://artisan-adolf-renovation.blogspot.com/
URL found on https://web.archive.org/web/20230926071358/https://artisan-adolf-renovation.fr/: follow
====== WebDriver manager ======
Get LATEST chromedriver version for google-chrome
Get LATEST chromedriver version for google-chrome
Driver [/Users/sariksadman/.wdm/drivers/chromedriver/mac64/125.0.6422.141/chromedriver-mac-arm64/chromedriver] found in cache
An error occurred while processing https://www.instagram.com/artisan_adolf: Message: 

An error occurred while processing https://www.youtube.com/@ArtisanAdolfRenovation: argument of type 'NoneType' is not iterable
====== WebDriver manager ======
Get LATEST chromedriver version for google-chrome
Get LATEST chromedriver version for google-chrome
Driver [/Users/sariksadman/.wdm/drivers/chromedriver/mac64/125.0.6422.141/chromedriver-mac-arm64/chromedriver] found in cache
An error occurred while processing https://www.instagram.com/artisan_adolf: Message: 

An error occurred while processing https://www.youtube.com/@ArtisanAdolfRenovation: argument of type 'NoneType' is not iterable
====== WebDriver manager ======
Get LATEST chromedriver version for google-chrome
Get LATEST chromedriver version for google-chrome
Driver [/Users/sariksadman/.wdm/drivers/chromedriver/mac64/125.0.6422.141/chromedriver-mac-arm64/chromedriver] found in cache
An error occurred while processing https://www.instagram.com/artisan_adolf: Message: 

An error occurred while processing https://www.youtube.com/@ArtisanAdolfRenovation: argument of type 'NoneType' is not iterable
An error occurred while processing https://imgur.com/gallery/M0PAnba: Message: timeout: Timed out receiving message from renderer: 14.258
  (Session info: chrome=125.0.6422.142)
Stacktrace:
0   chromedriver                        0x00000001031aa4c8 chromedriver + 4302024
1   chromedriver                        0x00000001031a2e10 chromedriver + 4271632
2   chromedriver                        0x0000000102dd419c chromedriver + 278940
3   chromedriver                        0x0000000102dbee88 chromedriver + 192136
4   chromedriver                        0x0000000102dbea7c chromedriver + 191100
5   chromedriver                        0x0000000102dbc85c chromedriver + 182364
6   chromedriver                        0x0000000102dbd310 chromedriver + 185104
7   chromedriver                        0x0000000102dcb620 chromedriver + 243232
8   chromedriver                        0x0000000102dde55c chromedriver + 320860
9   chromedriver                        0x0000000102dbd958 chromedriver + 186712
10  chromedriver                        0x0000000102dde314 chromedriver + 320276
11  chromedriver                        0x0000000102e4ede4 chromedriver + 781796
12  chromedriver                        0x0000000102e0b004 chromedriver + 503812
13  chromedriver                        0x0000000102e0b9ec chromedriver + 506348
14  chromedriver                        0x0000000103172510 chromedriver + 4072720
15  chromedriver                        0x0000000103176fbc chromedriver + 4091836
16  chromedriver                        0x0000000103159754 chromedriver + 3970900
17  chromedriver                        0x00000001031778a4 chromedriver + 4094116
18  chromedriver                        0x000000010314c6d4 chromedriver + 3917524
19  chromedriver                        0x0000000103194b08 chromedriver + 4213512
20  chromedriver                        0x0000000103194c84 chromedriver + 4213892
21  chromedriver                        0x00000001031a2a08 chromedriver + 4270600
22  libsystem_pthread.dylib             0x0000000180e1a034 _pthread_start + 136
23  libsystem_pthread.dylib             0x0000000180e14e3c thread_start + 8

An error occurred while processing https://artisanadolf.fandom.com/fr/wiki/Wiki_artisanadolf: argument of type 'NoneType' is not iterable
====== WebDriver manager ======
Get LATEST chromedriver version for google-chrome
Get LATEST chromedriver version for google-chrome
Driver [/Users/sariksadman/.wdm/drivers/chromedriver/mac64/125.0.6422.141/chromedriver-mac-arm64/chromedriver] found in cache
An error occurred while processing https://www.instagram.com/artisan_adolf: Message: 

An error occurred while processing https://www.youtube.com/@ArtisanAdolfRenovation: argument of type 'NoneType' is not iterable
An error occurred while processing https://web.archive.org/web/20230926071358/https://artisan-adolf-renovation.fr/: Message: timeout: Timed out receiving message from renderer: 13.612
  (Session info: chrome=125.0.6422.142)
Stacktrace:
0   chromedriver                        0x0000000104d024c8 chromedriver + 4302024
1   chromedriver                        0x0000000104cfae10 chromedriver + 4271632
2   chromedriver                        0x000000010492c19c chromedriver + 278940
3   chromedriver                        0x0000000104916e88 chromedriver + 192136
4   chromedriver                        0x0000000104916a7c chromedriver + 191100
5   chromedriver                        0x000000010491485c chromedriver + 182364
6   chromedriver                        0x0000000104915310 chromedriver + 185104
7   chromedriver                        0x0000000104923620 chromedriver + 243232
8   chromedriver                        0x000000010493655c chromedriver + 320860
9   chromedriver                        0x0000000104915958 chromedriver + 186712
10  chromedriver                        0x0000000104936314 chromedriver + 320276
11  chromedriver                        0x00000001049a6de4 chromedriver + 781796
12  chromedriver                        0x0000000104963004 chromedriver + 503812
13  chromedriver                        0x00000001049639ec chromedriver + 506348
14  chromedriver                        0x0000000104cca510 chromedriver + 4072720
15  chromedriver                        0x0000000104ccefbc chromedriver + 4091836
16  chromedriver                        0x0000000104cb1754 chromedriver + 3970900
17  chromedriver                        0x0000000104ccf8a4 chromedriver + 4094116
18  chromedriver                        0x0000000104ca46d4 chromedriver + 3917524
19  chromedriver                        0x0000000104cecb08 chromedriver + 4213512
20  chromedriver                        0x0000000104cecc84 chromedriver + 4213892
21  chromedriver                        0x0000000104cfaa08 chromedriver + 4270600
22  libsystem_pthread.dylib             0x0000000180e1a034 _pthread_start + 136
23  libsystem_pthread.dylib             0x0000000180e14e3c thread_start + 8

An error occurred while processing https://fr.quora.com/profile/Artisan-Adolf?q=Artisan%20Adolf%20: Message: timeout: Timed out receiving message from renderer: -0.006
  (Session info: chrome=125.0.6422.142)
Stacktrace:
0   chromedriver                        0x0000000104d024c8 chromedriver + 4302024
1   chromedriver                        0x0000000104cfae10 chromedriver + 4271632
2   chromedriver                        0x000000010492c19c chromedriver + 278940
3   chromedriver                        0x0000000104916e88 chromedriver + 192136
4   chromedriver                        0x0000000104916a7c chromedriver + 191100
5   chromedriver                        0x000000010491485c chromedriver + 182364
6   chromedriver                        0x0000000104915310 chromedriver + 185104
7   chromedriver                        0x0000000104923620 chromedriver + 243232
8   chromedriver                        0x000000010493655c chromedriver + 320860
9   chromedriver                        0x0000000104915958 chromedriver + 186712
10  chromedriver                        0x0000000104936314 chromedriver + 320276
11  chromedriver                        0x00000001049a6b9c chromedriver + 781212
12  chromedriver                        0x0000000104963004 chromedriver + 503812
13  chromedriver                        0x00000001049639ec chromedriver + 506348
14  chromedriver                        0x0000000104cca510 chromedriver + 4072720
15  chromedriver                        0x0000000104ccefbc chromedriver + 4091836
16  chromedriver                        0x0000000104cb1754 chromedriver + 3970900
17  chromedriver                        0x0000000104ccf8a4 chromedriver + 4094116
18  chromedriver                        0x0000000104ca46d4 chromedriver + 3917524
19  chromedriver                        0x0000000104cecb08 chromedriver + 4213512
20  chromedriver                        0x0000000104cecc84 chromedriver + 4213892
21  chromedriver                        0x0000000104cfaa08 chromedriver + 4270600
22  libsystem_pthread.dylib             0x0000000180e1a034 _pthread_start + 136
23  libsystem_pthread.dylib             0x0000000180e14e3c thread_start + 8

An error occurred while processing https://artisanadolf.fandom.com/fr/wiki/Wiki_artisanadolf: argument of type 'NoneType' is not iterable
====== WebDriver manager ======
Get LATEST chromedriver version for google-chrome
Get LATEST chromedriver version for google-chrome
Driver [/Users/sariksadman/.wdm/drivers/chromedriver/mac64/125.0.6422.141/chromedriver-mac-arm64/chromedriver] found in cache
An error occurred while processing https://www.instagram.com/artisan_adolf: Message: 

An error occurred while processing https://www.youtube.com/@ArtisanAdolfRenovation: argument of type 'NoneType' is not iterable
An error occurred while processing https://imgur.com/gallery/M0PAnba: Message: timeout: Timed out receiving message from renderer: 14.537
  (Session info: chrome=125.0.6422.142)
Stacktrace:
0   chromedriver                        0x00000001051f24c8 chromedriver + 4302024
1   chromedriver                        0x00000001051eae10 chromedriver + 4271632
2   chromedriver                        0x0000000104e1c19c chromedriver + 278940
3   chromedriver                        0x0000000104e06e88 chromedriver + 192136
4   chromedriver                        0x0000000104e06a7c chromedriver + 191100
5   chromedriver                        0x0000000104e0485c chromedriver + 182364
6   chromedriver                        0x0000000104e05310 chromedriver + 185104
7   chromedriver                        0x0000000104e13620 chromedriver + 243232
8   chromedriver                        0x0000000104e2655c chromedriver + 320860
9   chromedriver                        0x0000000104e05958 chromedriver + 186712
10  chromedriver                        0x0000000104e26314 chromedriver + 320276
11  chromedriver                        0x0000000104e96de4 chromedriver + 781796
12  chromedriver                        0x0000000104e53004 chromedriver + 503812
13  chromedriver                        0x0000000104e539ec chromedriver + 506348
14  chromedriver                        0x00000001051ba510 chromedriver + 4072720
15  chromedriver                        0x00000001051befbc chromedriver + 4091836
16  chromedriver                        0x00000001051a1754 chromedriver + 3970900
17  chromedriver                        0x00000001051bf8a4 chromedriver + 4094116
18  chromedriver                        0x00000001051946d4 chromedriver + 3917524
19  chromedriver                        0x00000001051dcb08 chromedriver + 4213512
20  chromedriver                        0x00000001051dcc84 chromedriver + 4213892
21  chromedriver                        0x00000001051eaa08 chromedriver + 4270600
22  libsystem_pthread.dylib             0x0000000180e1a034 _pthread_start + 136
23  libsystem_pthread.dylib             0x0000000180e14e3c thread_start + 8

An error occurred while processing https://artisanadolf.fandom.com/fr/wiki/Wiki_artisanadolf: argument of type 'NoneType' is not iterable
====== WebDriver manager ======
Get LATEST chromedriver version for google-chrome
Get LATEST chromedriver version for google-chrome
Driver [/Users/sariksadman/.wdm/drivers/chromedriver/mac64/125.0.6422.141/chromedriver-mac-arm64/chromedriver] found in cache
An error occurred while processing https://www.instagram.com/artisan_adolf: Message: 

An error occurred while processing https://www.youtube.com/@ArtisanAdolfRenovation: argument of type 'NoneType' is not iterable
An error occurred while processing https://web.archive.org/web/20230926071358/https://artisan-adolf-renovation.fr/: Message: timeout: Timed out receiving message from renderer: 14.292
  (Session info: chrome=125.0.6422.142)
Stacktrace:
0   chromedriver                        0x00000001053ca4c8 chromedriver + 4302024
1   chromedriver                        0x00000001053c2e10 chromedriver + 4271632
2   chromedriver                        0x0000000104ff419c chromedriver + 278940
3   chromedriver                        0x0000000104fdee88 chromedriver + 192136
4   chromedriver                        0x0000000104fdea7c chromedriver + 191100
5   chromedriver                        0x0000000104fdc85c chromedriver + 182364
6   chromedriver                        0x0000000104fdd310 chromedriver + 185104
7   chromedriver                        0x0000000104feb620 chromedriver + 243232
8   chromedriver                        0x0000000104ffe55c chromedriver + 320860
9   chromedriver                        0x0000000104fdd958 chromedriver + 186712
10  chromedriver                        0x0000000104ffe314 chromedriver + 320276
11  chromedriver                        0x000000010506ede4 chromedriver + 781796
12  chromedriver                        0x000000010502b004 chromedriver + 503812
13  chromedriver                        0x000000010502b9ec chromedriver + 506348
14  chromedriver                        0x0000000105392510 chromedriver + 4072720
15  chromedriver                        0x0000000105396fbc chromedriver + 4091836
16  chromedriver                        0x0000000105379754 chromedriver + 3970900
17  chromedriver                        0x00000001053978a4 chromedriver + 4094116
18  chromedriver                        0x000000010536c6d4 chromedriver + 3917524
19  chromedriver                        0x00000001053b4b08 chromedriver + 4213512
20  chromedriver                        0x00000001053b4c84 chromedriver + 4213892
21  chromedriver                        0x00000001053c2a08 chromedriver + 4270600
22  libsystem_pthread.dylib             0x0000000180e1a034 _pthread_start + 136
23  libsystem_pthread.dylib             0x0000000180e14e3c thread_start + 8

An error occurred while processing https://imgur.com/gallery/M0PAnba: Message: timeout: Timed out receiving message from renderer: 14.546
  (Session info: chrome=125.0.6422.142)
Stacktrace:
0   chromedriver                        0x00000001053ca4c8 chromedriver + 4302024
1   chromedriver                        0x00000001053c2e10 chromedriver + 4271632
2   chromedriver                        0x0000000104ff419c chromedriver + 278940
3   chromedriver                        0x0000000104fdee88 chromedriver + 192136
4   chromedriver                        0x0000000104fdea7c chromedriver + 191100
5   chromedriver                        0x0000000104fdc85c chromedriver + 182364
6   chromedriver                        0x0000000104fdd310 chromedriver + 185104
7   chromedriver                        0x0000000104feb620 chromedriver + 243232
8   chromedriver                        0x0000000104ffe55c chromedriver + 320860
9   chromedriver                        0x0000000104fdd958 chromedriver + 186712
10  chromedriver                        0x0000000104ffe314 chromedriver + 320276
11  chromedriver                        0x000000010506ede4 chromedriver + 781796
12  chromedriver                        0x000000010502b004 chromedriver + 503812
13  chromedriver                        0x000000010502b9ec chromedriver + 506348
14  chromedriver                        0x0000000105392510 chromedriver + 4072720
15  chromedriver                        0x0000000105396fbc chromedriver + 4091836
16  chromedriver                        0x0000000105379754 chromedriver + 3970900
17  chromedriver                        0x00000001053978a4 chromedriver + 4094116
18  chromedriver                        0x000000010536c6d4 chromedriver + 3917524
19  chromedriver                        0x00000001053b4b08 chromedriver + 4213512
20  chromedriver                        0x00000001053b4c84 chromedriver + 4213892
21  chromedriver                        0x00000001053c2a08 chromedriver + 4270600
22  libsystem_pthread.dylib             0x0000000180e1a034 _pthread_start + 136
23  libsystem_pthread.dylib             0x0000000180e14e3c thread_start + 8

An error occurred while processing https://artisanadolf.fandom.com/fr/wiki/Wiki_artisanadolf: argument of type 'NoneType' is not iterable
====== WebDriver manager ======
Get LATEST chromedriver version for google-chrome
Get LATEST chromedriver version for google-chrome
Driver [/Users/sariksadman/.wdm/drivers/chromedriver/mac64/125.0.6422.141/chromedriver-mac-arm64/chromedriver] found in cache
An error occurred while processing https://www.instagram.com/artisan_adolf: Message: 

An error occurred while processing https://www.youtube.com/@ArtisanAdolfRenovation: argument of type 'NoneType' is not iterable
An error occurred while processing https://imgur.com/gallery/M0PAnba: Message: timeout: Timed out receiving message from renderer: 14.538
  (Session info: chrome=125.0.6422.142)
Stacktrace:
0   chromedriver                        0x0000000100bc24c8 chromedriver + 4302024
1   chromedriver                        0x0000000100bbae10 chromedriver + 4271632
2   chromedriver                        0x00000001007ec19c chromedriver + 278940
3   chromedriver                        0x00000001007d6e88 chromedriver + 192136
4   chromedriver                        0x00000001007d6a7c chromedriver + 191100
5   chromedriver                        0x00000001007d485c chromedriver + 182364
6   chromedriver                        0x00000001007d5310 chromedriver + 185104
7   chromedriver                        0x00000001007e3620 chromedriver + 243232
8   chromedriver                        0x00000001007f655c chromedriver + 320860
9   chromedriver                        0x00000001007d5958 chromedriver + 186712
10  chromedriver                        0x00000001007f6314 chromedriver + 320276
11  chromedriver                        0x0000000100866de4 chromedriver + 781796
12  chromedriver                        0x0000000100823004 chromedriver + 503812
13  chromedriver                        0x00000001008239ec chromedriver + 506348
14  chromedriver                        0x0000000100b8a510 chromedriver + 4072720
15  chromedriver                        0x0000000100b8efbc chromedriver + 4091836
16  chromedriver                        0x0000000100b71754 chromedriver + 3970900
17  chromedriver                        0x0000000100b8f8a4 chromedriver + 4094116
18  chromedriver                        0x0000000100b646d4 chromedriver + 3917524
19  chromedriver                        0x0000000100bacb08 chromedriver + 4213512
20  chromedriver                        0x0000000100bacc84 chromedriver + 4213892
21  chromedriver                        0x0000000100bbaa08 chromedriver + 4270600
22  libsystem_pthread.dylib             0x0000000180e1a034 _pthread_start + 136
23  libsystem_pthread.dylib             0x0000000180e14e3c thread_start + 8

An error occurred while processing https://artisanadolf.fandom.com/fr/wiki/Wiki_artisanadolf: argument of type 'NoneType' is not iterable
====== WebDriver manager ======
Get LATEST chromedriver version for google-chrome
Get LATEST chromedriver version for google-chrome
Driver [/Users/sariksadman/.wdm/drivers/chromedriver/mac64/125.0.6422.141/chromedriver-mac-arm64/chromedriver] found in cache
An error occurred while processing https://www.instagram.com/artisan_adolf: Message: 

An error occurred while processing https://www.youtube.com/@ArtisanAdolfRenovation: argument of type 'NoneType' is not iterable
An error occurred while processing https://artisanadolf.fandom.com/fr/wiki/Wiki_artisanadolf: argument of type 'NoneType' is not iterable
====== WebDriver manager ======
Get LATEST chromedriver version for google-chrome
Get LATEST chromedriver version for google-chrome
Driver [/Users/sariksadman/.wdm/drivers/chromedriver/mac64/125.0.6422.141/chromedriver-mac-arm64/chromedriver] found in cache
An error occurred while processing https://www.instagram.com/artisan_adolf: Message: 

An error occurred while processing https://www.youtube.com/@ArtisanAdolfRenovation: argument of type 'NoneType' is not iterable
An error occurred while processing https://www.pinterest.fr/artisanadolf/: Message: stale element reference: stale element not found in the current frame
  (Session info: chrome=125.0.6422.142); For documentation on this error, please visit: https://www.selenium.dev/documentation/webdriver/troubleshooting/errors#stale-element-reference-exception
Stacktrace:
0   chromedriver                        0x000000010092e4c8 chromedriver + 4302024
1   chromedriver                        0x0000000100926e10 chromedriver + 4271632
2   chromedriver                        0x000000010055819c chromedriver + 278940
3   chromedriver                        0x000000010055c66c chromedriver + 296556
4   chromedriver                        0x000000010055e740 chromedriver + 304960
5   chromedriver                        0x00000001005d372c chromedriver + 784172
6   chromedriver                        0x00000001005d2c5c chromedriver + 781404
7   chromedriver                        0x000000010058f004 chromedriver + 503812
8   chromedriver                        0x000000010058f9ec chromedriver + 506348
9   chromedriver                        0x00000001008f6510 chromedriver + 4072720
10  chromedriver                        0x00000001008fafbc chromedriver + 4091836
11  chromedriver                        0x00000001008dd754 chromedriver + 3970900
12  chromedriver                        0x00000001008fb8a4 chromedriver + 4094116
13  chromedriver                        0x00000001008d06d4 chromedriver + 3917524
14  chromedriver                        0x0000000100918b08 chromedriver + 4213512
15  chromedriver                        0x0000000100918c84 chromedriver + 4213892
16  chromedriver                        0x0000000100926a08 chromedriver + 4270600
17  libsystem_pthread.dylib             0x0000000180e1a034 _pthread_start + 136
18  libsystem_pthread.dylib             0x0000000180e14e3c thread_start + 8

An error occurred while processing https://web.archive.org/web/20230926071358/https://artisan-adolf-renovation.fr/: Message: timeout: Timed out receiving message from renderer: 13.889
  (Session info: chrome=125.0.6422.142)
Stacktrace:
0   chromedriver                        0x000000010092e4c8 chromedriver + 4302024
1   chromedriver                        0x0000000100926e10 chromedriver + 4271632
2   chromedriver                        0x000000010055819c chromedriver + 278940
3   chromedriver                        0x0000000100542e88 chromedriver + 192136
4   chromedriver                        0x0000000100542a7c chromedriver + 191100
5   chromedriver                        0x000000010054085c chromedriver + 182364
6   chromedriver                        0x0000000100541310 chromedriver + 185104
7   chromedriver                        0x000000010054f620 chromedriver + 243232
8   chromedriver                        0x000000010056255c chromedriver + 320860
9   chromedriver                        0x0000000100541958 chromedriver + 186712
10  chromedriver                        0x0000000100562314 chromedriver + 320276
11  chromedriver                        0x00000001005d2de4 chromedriver + 781796
12  chromedriver                        0x000000010058f004 chromedriver + 503812
13  chromedriver                        0x000000010058f9ec chromedriver + 506348
14  chromedriver                        0x00000001008f6510 chromedriver + 4072720
15  chromedriver                        0x00000001008fafbc chromedriver + 4091836
16  chromedriver                        0x00000001008dd754 chromedriver + 3970900
17  chromedriver                        0x00000001008fb8a4 chromedriver + 4094116
18  chromedriver                        0x00000001008d06d4 chromedriver + 3917524
19  chromedriver                        0x0000000100918b08 chromedriver + 4213512
20  chromedriver                        0x0000000100918c84 chromedriver + 4213892
21  chromedriver                        0x0000000100926a08 chromedriver + 4270600
22  libsystem_pthread.dylib             0x0000000180e1a034 _pthread_start + 136
23  libsystem_pthread.dylib             0x0000000180e14e3c thread_start + 8

An error occurred while processing https://fr.quora.com/profile/Artisan-Adolf?q=Artisan%20Adolf%20: Message: stale element reference: stale element not found in the current frame
  (Session info: chrome=125.0.6422.142); For documentation on this error, please visit: https://www.selenium.dev/documentation/webdriver/troubleshooting/errors#stale-element-reference-exception
Stacktrace:
0   chromedriver                        0x000000010092e4c8 chromedriver + 4302024
1   chromedriver                        0x0000000100926e10 chromedriver + 4271632
2   chromedriver                        0x000000010055819c chromedriver + 278940
3   chromedriver                        0x000000010055c66c chromedriver + 296556
4   chromedriver                        0x000000010055e740 chromedriver + 304960
5   chromedriver                        0x00000001005d372c chromedriver + 784172
6   chromedriver                        0x00000001005d2c5c chromedriver + 781404
7   chromedriver                        0x000000010058f004 chromedriver + 503812
8   chromedriver                        0x000000010058f9ec chromedriver + 506348
9   chromedriver                        0x00000001008f6510 chromedriver + 4072720
10  chromedriver                        0x00000001008fafbc chromedriver + 4091836
11  chromedriver                        0x00000001008dd754 chromedriver + 3970900
12  chromedriver                        0x00000001008fb8a4 chromedriver + 4094116
13  chromedriver                        0x00000001008d06d4 chromedriver + 3917524
14  chromedriver                        0x0000000100918b08 chromedriver + 4213512
15  chromedriver                        0x0000000100918c84 chromedriver + 4213892
16  chromedriver                        0x0000000100926a08 chromedriver + 4270600
17  libsystem_pthread.dylib             0x0000000180e1a034 _pthread_start + 136
18  libsystem_pthread.dylib             0x0000000180e14e3c thread_start + 8

An error occurred while processing https://artisanadolf.fandom.com/fr/wiki/Wiki_artisanadolf: argument of type 'NoneType' is not iterable
====== WebDriver manager ======
Get LATEST chromedriver version for google-chrome
Get LATEST chromedriver version for google-chrome
Driver [/Users/sariksadman/.wdm/drivers/chromedriver/mac64/125.0.6422.141/chromedriver-mac-arm64/chromedriver] found in cache
An error occurred while processing https://www.instagram.com/artisan_adolf: Message: 

An error occurred while processing https://www.youtube.com/@ArtisanAdolfRenovation: Message: no such window: target window already closed
from unknown error: web view not found
  (Session info: chrome=125.0.6422.142)
Stacktrace:
0   chromedriver                        0x00000001032964c8 chromedriver + 4302024
1   chromedriver                        0x000000010328ee10 chromedriver + 4271632
2   chromedriver                        0x0000000102ec019c chromedriver + 278940
3   chromedriver                        0x0000000102e9b474 chromedriver + 128116
4   chromedriver                        0x0000000102f27394 chromedriver + 701332
5   chromedriver                        0x0000000102f3a4e4 chromedriver + 779492
6   chromedriver                        0x0000000102ef7004 chromedriver + 503812
7   chromedriver                        0x0000000102ef79ec chromedriver + 506348
8   chromedriver                        0x000000010325e510 chromedriver + 4072720
9   chromedriver                        0x0000000103262fbc chromedriver + 4091836
10  chromedriver                        0x0000000103245754 chromedriver + 3970900
11  chromedriver                        0x00000001032638a4 chromedriver + 4094116
12  chromedriver                        0x00000001032386d4 chromedriver + 3917524
13  chromedriver                        0x0000000103280b08 chromedriver + 4213512
14  chromedriver                        0x0000000103280c84 chromedriver + 4213892
15  chromedriver                        0x000000010328ea08 chromedriver + 4270600
16  libsystem_pthread.dylib             0x0000000180e1a034 _pthread_start + 136
17  libsystem_pthread.dylib             0x0000000180e14e3c thread_start + 8

An error occurred while processing https://www.pinterest.fr/artisanadolf/: Message: no such window: target window already closed
from unknown error: web view not found
  (Session info: chrome=125.0.6422.142)
Stacktrace:
0   chromedriver                        0x00000001032964c8 chromedriver + 4302024
1   chromedriver                        0x000000010328ee10 chromedriver + 4271632
2   chromedriver                        0x0000000102ec019c chromedriver + 278940
3   chromedriver                        0x0000000102e9b474 chromedriver + 128116
4   chromedriver                        0x0000000102f27394 chromedriver + 701332
5   chromedriver                        0x0000000102f3a4e4 chromedriver + 779492
6   chromedriver                        0x0000000102ef7004 chromedriver + 503812
7   chromedriver                        0x0000000102ef79ec chromedriver + 506348
8   chromedriver                        0x000000010325e510 chromedriver + 4072720
9   chromedriver                        0x0000000103262fbc chromedriver + 4091836
10  chromedriver                        0x0000000103245754 chromedriver + 3970900
11  chromedriver                        0x00000001032638a4 chromedriver + 4094116
12  chromedriver                        0x00000001032386d4 chromedriver + 3917524
13  chromedriver                        0x0000000103280b08 chromedriver + 4213512
14  chromedriver                        0x0000000103280c84 chromedriver + 4213892
15  chromedriver                        0x000000010328ea08 chromedriver + 4270600
16  libsystem_pthread.dylib             0x0000000180e1a034 _pthread_start + 136
17  libsystem_pthread.dylib             0x0000000180e14e3c thread_start + 8

An error occurred while processing https://artisan-adolf-renovation.blogspot.com/: Message: no such window: target window already closed
from unknown error: web view not found
  (Session info: chrome=125.0.6422.142)
Stacktrace:
0   chromedriver                        0x00000001032964c8 chromedriver + 4302024
1   chromedriver                        0x000000010328ee10 chromedriver + 4271632
2   chromedriver                        0x0000000102ec019c chromedriver + 278940
3   chromedriver                        0x0000000102e9b474 chromedriver + 128116
4   chromedriver                        0x0000000102f27394 chromedriver + 701332
5   chromedriver                        0x0000000102f3a4e4 chromedriver + 779492
6   chromedriver                        0x0000000102ef7004 chromedriver + 503812
7   chromedriver                        0x0000000102ef79ec chromedriver + 506348
8   chromedriver                        0x000000010325e510 chromedriver + 4072720
9   chromedriver                        0x0000000103262fbc chromedriver + 4091836
10  chromedriver                        0x0000000103245754 chromedriver + 3970900
11  chromedriver                        0x00000001032638a4 chromedriver + 4094116
12  chromedriver                        0x00000001032386d4 chromedriver + 3917524
13  chromedriver                        0x0000000103280b08 chromedriver + 4213512
14  chromedriver                        0x0000000103280c84 chromedriver + 4213892
15  chromedriver                        0x000000010328ea08 chromedriver + 4270600
16  libsystem_pthread.dylib             0x0000000180e1a034 _pthread_start + 136
17  libsystem_pthread.dylib             0x0000000180e14e3c thread_start + 8

An error occurred while processing https://web.archive.org/web/20230926071358/https://artisan-adolf-renovation.fr/: Message: no such window: target window already closed
from unknown error: web view not found
  (Session info: chrome=125.0.6422.142)
Stacktrace:
0   chromedriver                        0x00000001032964c8 chromedriver + 4302024
1   chromedriver                        0x000000010328ee10 chromedriver + 4271632
2   chromedriver                        0x0000000102ec019c chromedriver + 278940
3   chromedriver                        0x0000000102e9b474 chromedriver + 128116
4   chromedriver                        0x0000000102f27394 chromedriver + 701332
5   chromedriver                        0x0000000102f3a4e4 chromedriver + 779492
6   chromedriver                        0x0000000102ef7004 chromedriver + 503812
7   chromedriver                        0x0000000102ef79ec chromedriver + 506348
8   chromedriver                        0x000000010325e510 chromedriver + 4072720
9   chromedriver                        0x0000000103262fbc chromedriver + 4091836
10  chromedriver                        0x0000000103245754 chromedriver + 3970900
11  chromedriver                        0x00000001032638a4 chromedriver + 4094116
12  chromedriver                        0x00000001032386d4 chromedriver + 3917524
13  chromedriver                        0x0000000103280b08 chromedriver + 4213512
14  chromedriver                        0x0000000103280c84 chromedriver + 4213892
15  chromedriver                        0x000000010328ea08 chromedriver + 4270600
16  libsystem_pthread.dylib             0x0000000180e1a034 _pthread_start + 136
17  libsystem_pthread.dylib             0x0000000180e14e3c thread_start + 8

An error occurred while processing https://issuu.com/artisanadolf/docs/design_sans_titre: Message: no such window: target window already closed
from unknown error: web view not found
  (Session info: chrome=125.0.6422.142)
Stacktrace:
0   chromedriver                        0x00000001032964c8 chromedriver + 4302024
1   chromedriver                        0x000000010328ee10 chromedriver + 4271632
2   chromedriver                        0x0000000102ec019c chromedriver + 278940
3   chromedriver                        0x0000000102e9b474 chromedriver + 128116
4   chromedriver                        0x0000000102f27394 chromedriver + 701332
5   chromedriver                        0x0000000102f3a4e4 chromedriver + 779492
6   chromedriver                        0x0000000102ef7004 chromedriver + 503812
7   chromedriver                        0x0000000102ef79ec chromedriver + 506348
8   chromedriver                        0x000000010325e510 chromedriver + 4072720
9   chromedriver                        0x0000000103262fbc chromedriver + 4091836
10  chromedriver                        0x0000000103245754 chromedriver + 3970900
11  chromedriver                        0x00000001032638a4 chromedriver + 4094116
12  chromedriver                        0x00000001032386d4 chromedriver + 3917524
13  chromedriver                        0x0000000103280b08 chromedriver + 4213512
14  chromedriver                        0x0000000103280c84 chromedriver + 4213892
15  chromedriver                        0x000000010328ea08 chromedriver + 4270600
16  libsystem_pthread.dylib             0x0000000180e1a034 _pthread_start + 136
17  libsystem_pthread.dylib             0x0000000180e14e3c thread_start + 8

An error occurred while processing https://sites.google.com/view/artisanadolfrenovation/accueil: Message: no such window: target window already closed
from unknown error: web view not found
  (Session info: chrome=125.0.6422.142)
Stacktrace:
0   chromedriver                        0x00000001032964c8 chromedriver + 4302024
1   chromedriver                        0x000000010328ee10 chromedriver + 4271632
2   chromedriver                        0x0000000102ec019c chromedriver + 278940
3   chromedriver                        0x0000000102e9b474 chromedriver + 128116
4   chromedriver                        0x0000000102f27394 chromedriver + 701332
5   chromedriver                        0x0000000102f3a4e4 chromedriver + 779492
6   chromedriver                        0x0000000102ef7004 chromedriver + 503812
7   chromedriver                        0x0000000102ef79ec chromedriver + 506348
8   chromedriver                        0x000000010325e510 chromedriver + 4072720
9   chromedriver                        0x0000000103262fbc chromedriver + 4091836
10  chromedriver                        0x0000000103245754 chromedriver + 3970900
11  chromedriver                        0x00000001032638a4 chromedriver + 4094116
12  chromedriver                        0x00000001032386d4 chromedriver + 3917524
13  chromedriver                        0x0000000103280b08 chromedriver + 4213512
14  chromedriver                        0x0000000103280c84 chromedriver + 4213892
15  chromedriver                        0x000000010328ea08 chromedriver + 4270600
16  libsystem_pthread.dylib             0x0000000180e1a034 _pthread_start + 136
17  libsystem_pthread.dylib             0x0000000180e14e3c thread_start + 8

An error occurred while processing https://imgur.com/gallery/M0PAnba: Message: no such window: target window already closed
from unknown error: web view not found
  (Session info: chrome=125.0.6422.142)
Stacktrace:
0   chromedriver                        0x00000001032964c8 chromedriver + 4302024
1   chromedriver                        0x000000010328ee10 chromedriver + 4271632
2   chromedriver                        0x0000000102ec019c chromedriver + 278940
3   chromedriver                        0x0000000102e9b474 chromedriver + 128116
4   chromedriver                        0x0000000102f27394 chromedriver + 701332
5   chromedriver                        0x0000000102f3a4e4 chromedriver + 779492
6   chromedriver                        0x0000000102ef7004 chromedriver + 503812
7   chromedriver                        0x0000000102ef79ec chromedriver + 506348
8   chromedriver                        0x000000010325e510 chromedriver + 4072720
9   chromedriver                        0x0000000103262fbc chromedriver + 4091836
10  chromedriver                        0x0000000103245754 chromedriver + 3970900
11  chromedriver                        0x00000001032638a4 chromedriver + 4094116
12  chromedriver                        0x00000001032386d4 chromedriver + 3917524
13  chromedriver                        0x0000000103280b08 chromedriver + 4213512
14  chromedriver                        0x0000000103280c84 chromedriver + 4213892
15  chromedriver                        0x000000010328ea08 chromedriver + 4270600
16  libsystem_pthread.dylib             0x0000000180e1a034 _pthread_start + 136
17  libsystem_pthread.dylib             0x0000000180e14e3c thread_start + 8

An error occurred while processing https://www.pagesjaunes.fr/annuaire/chercherlespros?quoiqui=ArtIsan+Adolf+&ou=La+Seyne+sur+Mer+%2883500%29&univers=pagesjaunes&idOu=L08312600: Message: no such window: target window already closed
from unknown error: web view not found
  (Session info: chrome=125.0.6422.142)
Stacktrace:
0   chromedriver                        0x00000001032964c8 chromedriver + 4302024
1   chromedriver                        0x000000010328ee10 chromedriver + 4271632
2   chromedriver                        0x0000000102ec019c chromedriver + 278940
3   chromedriver                        0x0000000102e9b474 chromedriver + 128116
4   chromedriver                        0x0000000102f27394 chromedriver + 701332
5   chromedriver                        0x0000000102f3a4e4 chromedriver + 779492
6   chromedriver                        0x0000000102ef7004 chromedriver + 503812
7   chromedriver                        0x0000000102ef79ec chromedriver + 506348
8   chromedriver                        0x000000010325e510 chromedriver + 4072720
9   chromedriver                        0x0000000103262fbc chromedriver + 4091836
10  chromedriver                        0x0000000103245754 chromedriver + 3970900
11  chromedriver                        0x00000001032638a4 chromedriver + 4094116
12  chromedriver                        0x00000001032386d4 chromedriver + 3917524
13  chromedriver                        0x0000000103280b08 chromedriver + 4213512
14  chromedriver                        0x0000000103280c84 chromedriver + 4213892
15  chromedriver                        0x000000010328ea08 chromedriver + 4270600
16  libsystem_pthread.dylib             0x0000000180e1a034 _pthread_start + 136
17  libsystem_pthread.dylib             0x0000000180e14e3c thread_start + 8

An error occurred while processing https://fr.foursquare.com/v/artisan-adolf-r%C3%A9novation/65000fb67ade9f58be1182fd: Message: no such window: target window already closed
from unknown error: web view not found
  (Session info: chrome=125.0.6422.142)
Stacktrace:
0   chromedriver                        0x00000001032964c8 chromedriver + 4302024
1   chromedriver                        0x000000010328ee10 chromedriver + 4271632
2   chromedriver                        0x0000000102ec019c chromedriver + 278940
3   chromedriver                        0x0000000102e9b474 chromedriver + 128116
4   chromedriver                        0x0000000102f27394 chromedriver + 701332
5   chromedriver                        0x0000000102f3a4e4 chromedriver + 779492
6   chromedriver                        0x0000000102ef7004 chromedriver + 503812
7   chromedriver                        0x0000000102ef79ec chromedriver + 506348
8   chromedriver                        0x000000010325e510 chromedriver + 4072720
9   chromedriver                        0x0000000103262fbc chromedriver + 4091836
10  chromedriver                        0x0000000103245754 chromedriver + 3970900
11  chromedriver                        0x00000001032638a4 chromedriver + 4094116
12  chromedriver                        0x00000001032386d4 chromedriver + 3917524
13  chromedriver                        0x0000000103280b08 chromedriver + 4213512
14  chromedriver                        0x0000000103280c84 chromedriver + 4213892
15  chromedriver                        0x000000010328ea08 chromedriver + 4270600
16  libsystem_pthread.dylib             0x0000000180e1a034 _pthread_start + 136
17  libsystem_pthread.dylib             0x0000000180e14e3c thread_start + 8

An error occurred while processing https://fr.quora.com/profile/Artisan-Adolf?q=Artisan%20Adolf%20: Message: no such window: target window already closed
from unknown error: web view not found
  (Session info: chrome=125.0.6422.142)
Stacktrace:
0   chromedriver                        0x00000001032964c8 chromedriver + 4302024
1   chromedriver                        0x000000010328ee10 chromedriver + 4271632
2   chromedriver                        0x0000000102ec019c chromedriver + 278940
3   chromedriver                        0x0000000102e9b474 chromedriver + 128116
4   chromedriver                        0x0000000102f27394 chromedriver + 701332
5   chromedriver                        0x0000000102f3a4e4 chromedriver + 779492
6   chromedriver                        0x0000000102ef7004 chromedriver + 503812
7   chromedriver                        0x0000000102ef79ec chromedriver + 506348
8   chromedriver                        0x000000010325e510 chromedriver + 4072720
9   chromedriver                        0x0000000103262fbc chromedriver + 4091836
10  chromedriver                        0x0000000103245754 chromedriver + 3970900
11  chromedriver                        0x00000001032638a4 chromedriver + 4094116
12  chromedriver                        0x00000001032386d4 chromedriver + 3917524
13  chromedriver                        0x0000000103280b08 chromedriver + 4213512
14  chromedriver                        0x0000000103280c84 chromedriver + 4213892
15  chromedriver                        0x000000010328ea08 chromedriver + 4270600
16  libsystem_pthread.dylib             0x0000000180e1a034 _pthread_start + 136
17  libsystem_pthread.dylib             0x0000000180e14e3c thread_start + 8

An error occurred while processing https://artisanadolf.fandom.com/fr/wiki/Wiki_artisanadolf: Message: no such window: target window already closed
from unknown error: web view not found
  (Session info: chrome=125.0.6422.142)
Stacktrace:
0   chromedriver                        0x00000001032964c8 chromedriver + 4302024
1   chromedriver                        0x000000010328ee10 chromedriver + 4271632
2   chromedriver                        0x0000000102ec019c chromedriver + 278940
3   chromedriver                        0x0000000102e9b474 chromedriver + 128116
4   chromedriver                        0x0000000102f27394 chromedriver + 701332
5   chromedriver                        0x0000000102f3a4e4 chromedriver + 779492
6   chromedriver                        0x0000000102ef7004 chromedriver + 503812
7   chromedriver                        0x0000000102ef79ec chromedriver + 506348
8   chromedriver                        0x000000010325e510 chromedriver + 4072720
9   chromedriver                        0x0000000103262fbc chromedriver + 4091836
10  chromedriver                        0x0000000103245754 chromedriver + 3970900
11  chromedriver                        0x00000001032638a4 chromedriver + 4094116
12  chromedriver                        0x00000001032386d4 chromedriver + 3917524
13  chromedriver                        0x0000000103280b08 chromedriver + 4213512
14  chromedriver                        0x0000000103280c84 chromedriver + 4213892
15  chromedriver                        0x000000010328ea08 chromedriver + 4270600
16  libsystem_pthread.dylib             0x0000000180e1a034 _pthread_start + 136
17  libsystem_pthread.dylib             0x0000000180e14e3c thread_start + 8

An error occurred while processing https://www.journaldunet.com/account/artisan-adolf-159574: Message: no such window: target window already closed
from unknown error: web view not found
  (Session info: chrome=125.0.6422.142)
Stacktrace:
0   chromedriver                        0x00000001032964c8 chromedriver + 4302024
1   chromedriver                        0x000000010328ee10 chromedriver + 4271632
2   chromedriver                        0x0000000102ec019c chromedriver + 278940
3   chromedriver                        0x0000000102e9b474 chromedriver + 128116
4   chromedriver                        0x0000000102f27394 chromedriver + 701332
5   chromedriver                        0x0000000102f3a4e4 chromedriver + 779492
6   chromedriver                        0x0000000102ef7004 chromedriver + 503812
7   chromedriver                        0x0000000102ef79ec chromedriver + 506348
8   chromedriver                        0x000000010325e510 chromedriver + 4072720
9   chromedriver                        0x0000000103262fbc chromedriver + 4091836
10  chromedriver                        0x0000000103245754 chromedriver + 3970900
11  chromedriver                        0x00000001032638a4 chromedriver + 4094116
12  chromedriver                        0x00000001032386d4 chromedriver + 3917524
13  chromedriver                        0x0000000103280b08 chromedriver + 4213512
14  chromedriver                        0x0000000103280c84 chromedriver + 4213892
15  chromedriver                        0x000000010328ea08 chromedriver + 4270600
16  libsystem_pthread.dylib             0x0000000180e1a034 _pthread_start + 136
17  libsystem_pthread.dylib             0x0000000180e14e3c thread_start + 8

====== WebDriver manager ======
Get LATEST chromedriver version for google-chrome
Get LATEST chromedriver version for google-chrome
Driver [/Users/sariksadman/.wdm/drivers/chromedriver/mac64/125.0.6422.141/chromedriver-mac-arm64/chromedriver] found in cache
An error occurred while processing https://www.instagram.com/artisan_adolf: Message: 

An error occurred while processing https://www.youtube.com/@ArtisanAdolfRenovation: argument of type 'NoneType' is not iterable
An error occurred while processing https://imgur.com/gallery/M0PAnba: Message: timeout: Timed out receiving message from renderer: 14.542
  (Session info: chrome=125.0.6422.142)
Stacktrace:
0   chromedriver                        0x0000000104d264c8 chromedriver + 4302024
1   chromedriver                        0x0000000104d1ee10 chromedriver + 4271632
2   chromedriver                        0x000000010495019c chromedriver + 278940
3   chromedriver                        0x000000010493ae88 chromedriver + 192136
4   chromedriver                        0x000000010493aa7c chromedriver + 191100
5   chromedriver                        0x000000010493885c chromedriver + 182364
6   chromedriver                        0x0000000104939310 chromedriver + 185104
7   chromedriver                        0x0000000104947620 chromedriver + 243232
8   chromedriver                        0x000000010495a55c chromedriver + 320860
9   chromedriver                        0x0000000104939958 chromedriver + 186712
10  chromedriver                        0x000000010495a314 chromedriver + 320276
11  chromedriver                        0x00000001049cade4 chromedriver + 781796
12  chromedriver                        0x0000000104987004 chromedriver + 503812
13  chromedriver                        0x00000001049879ec chromedriver + 506348
14  chromedriver                        0x0000000104cee510 chromedriver + 4072720
15  chromedriver                        0x0000000104cf2fbc chromedriver + 4091836
16  chromedriver                        0x0000000104cd5754 chromedriver + 3970900
17  chromedriver                        0x0000000104cf38a4 chromedriver + 4094116
18  chromedriver                        0x0000000104cc86d4 chromedriver + 3917524
19  chromedriver                        0x0000000104d10b08 chromedriver + 4213512
20  chromedriver                        0x0000000104d10c84 chromedriver + 4213892
21  chromedriver                        0x0000000104d1ea08 chromedriver + 4270600
22  libsystem_pthread.dylib             0x0000000180e1a034 _pthread_start + 136
23  libsystem_pthread.dylib             0x0000000180e14e3c thread_start + 8

An error occurred while processing https://artisanadolf.fandom.com/fr/wiki/Wiki_artisanadolf: argument of type 'NoneType' is not iterable
